C:\Program Files (x86)\Microsoft Visual Studio\2019\Professional\MSBuild\Microsoft\VC\v160\Microsoft.CppBuild.targets(498,5): warning MSB8004: Intermediate 디렉터리가 슬래시로 끝나지 않습니다. Intermediate 디렉터리의 적절한 평가를 허용하는 데 필요하므로 이 빌드 인스턴스에서 슬래시를 추가합니다.
C:\Program Files (x86)\Microsoft Visual Studio\2019\Professional\MSBuild\Microsoft\VC\v160\Microsoft.CppBuild.targets(499,5): warning MSB8004: Output 디렉터리가 슬래시로 끝나지 않습니다. Output 디렉터리의 적절한 평가를 허용하는 데 필요하므로 이 빌드 인스턴스에서 슬래시를 추가합니다.
  2dObjects.cpp
D:\KGCA41\include\k_Vector.h(38,39): warning C4227: 오래된 구문을 사용했습니다. 참조의 한정자가 무시됩니다.
D:\KGCA41\include\k_Vector.h(40,41): warning C4227: 오래된 구문을 사용했습니다. 참조의 한정자가 무시됩니다.
D:\KGCA41\KGCA41_kym\KYM_2D_Game\2dObjects.cpp(37,33): warning C4244: '=': 'LONG'에서 'float'(으)로 변환하면서 데이터가 손실될 수 있습니다.
D:\KGCA41\KGCA41_kym\KYM_2D_Game\2dObjects.cpp(38,33): warning C4244: '=': 'LONG'에서 'float'(으)로 변환하면서 데이터가 손실될 수 있습니다.
D:\KGCA41\KGCA41_kym\KYM_2D_Game\2dObjects.cpp(102,31): warning C4244: '=': 'LONG'에서 'float'(으)로 변환하면서 데이터가 손실될 수 있습니다.
D:\KGCA41\KGCA41_kym\KYM_2D_Game\2dObjects.cpp(103,31): warning C4244: '=': 'LONG'에서 'float'(으)로 변환하면서 데이터가 손실될 수 있습니다.
D:\KGCA41\KGCA41_kym\KYM_2D_Game\2dObjects.cpp(176,31): warning C4244: '=': 'LONG'에서 'float'(으)로 변환하면서 데이터가 손실될 수 있습니다.
D:\KGCA41\KGCA41_kym\KYM_2D_Game\2dObjects.cpp(177,31): warning C4244: '=': 'LONG'에서 'float'(으)로 변환하면서 데이터가 손실될 수 있습니다.
D:\KGCA41\KGCA41_kym\KYM_2D_Game\2dObjects.cpp(267,33): warning C4244: '=': 'LONG'에서 'float'(으)로 변환하면서 데이터가 손실될 수 있습니다.
D:\KGCA41\KGCA41_kym\KYM_2D_Game\2dObjects.cpp(268,33): warning C4244: '=': 'LONG'에서 'float'(으)로 변환하면서 데이터가 손실될 수 있습니다.
  K_BattleScene.cpp
D:\KGCA41\include\k_Vector.h(38,39): warning C4227: 오래된 구문을 사용했습니다. 참조의 한정자가 무시됩니다.
D:\KGCA41\include\k_Vector.h(40,41): warning C4227: 오래된 구문을 사용했습니다. 참조의 한정자가 무시됩니다.
D:\KGCA41\KGCA41_kym\KYM_2D_Game\K_BattleScene.cpp(328,46): warning C4305: '초기화 중': 'double'에서 'float'(으)로 잘립니다.
  K_CardRewardScene.cpp
D:\KGCA41\include\k_Vector.h(38,39): warning C4227: 오래된 구문을 사용했습니다. 참조의 한정자가 무시됩니다.
D:\KGCA41\include\k_Vector.h(40,41): warning C4227: 오래된 구문을 사용했습니다. 참조의 한정자가 무시됩니다.
  K_DeckViewScene.cpp
D:\KGCA41\include\k_Vector.h(38,39): warning C4227: 오래된 구문을 사용했습니다. 참조의 한정자가 무시됩니다.
D:\KGCA41\include\k_Vector.h(40,41): warning C4227: 오래된 구문을 사용했습니다. 참조의 한정자가 무시됩니다.
  K_EliteBattleScene.cpp
D:\KGCA41\include\k_Vector.h(38,39): warning C4227: 오래된 구문을 사용했습니다. 참조의 한정자가 무시됩니다.
D:\KGCA41\include\k_Vector.h(40,41): warning C4227: 오래된 구문을 사용했습니다. 참조의 한정자가 무시됩니다.
D:\KGCA41\KGCA41_kym\KYM_2D_Game\K_EliteBattleScene.cpp(336,46): warning C4305: '초기화 중': 'double'에서 'float'(으)로 잘립니다.
  K_EndingScene.cpp
D:\KGCA41\include\k_Vector.h(38,39): warning C4227: 오래된 구문을 사용했습니다. 참조의 한정자가 무시됩니다.
D:\KGCA41\include\k_Vector.h(40,41): warning C4227: 오래된 구문을 사용했습니다. 참조의 한정자가 무시됩니다.
  K_MapScene.cpp
D:\KGCA41\include\k_Vector.h(38,39): warning C4227: 오래된 구문을 사용했습니다. 참조의 한정자가 무시됩니다.
D:\KGCA41\include\k_Vector.h(40,41): warning C4227: 오래된 구문을 사용했습니다. 참조의 한정자가 무시됩니다.
D:\KGCA41\KGCA41_kym\KYM_2D_Game\K_MapScene.cpp(112,33): warning C4244: '=': 'LONG'에서 'float'(으)로 변환하면서 데이터가 손실될 수 있습니다.
D:\KGCA41\KGCA41_kym\KYM_2D_Game\K_MapScene.cpp(113,33): warning C4244: '=': 'LONG'에서 'float'(으)로 변환하면서 데이터가 손실될 수 있습니다.
  K_Scene.cpp
D:\KGCA41\include\k_Vector.h(38,39): warning C4227: 오래된 구문을 사용했습니다. 참조의 한정자가 무시됩니다.
D:\KGCA41\include\k_Vector.h(40,41): warning C4227: 오래된 구문을 사용했습니다. 참조의 한정자가 무시됩니다.
  K_TitleScene.cpp
D:\KGCA41\include\k_Vector.h(38,39): warning C4227: 오래된 구문을 사용했습니다. 참조의 한정자가 무시됩니다.
D:\KGCA41\include\k_Vector.h(40,41): warning C4227: 오래된 구문을 사용했습니다. 참조의 한정자가 무시됩니다.
  Sample.cpp
D:\KGCA41\include\k_Vector.h(38,39): warning C4227: 오래된 구문을 사용했습니다. 참조의 한정자가 무시됩니다.
D:\KGCA41\include\k_Vector.h(40,41): warning C4227: 오래된 구문을 사용했습니다. 참조의 한정자가 무시됩니다.
  코드를 생성하고 있습니다...
DirectXTK.lib(pch.obj) : warning LNK4099: '' PDB를 'DirectXTK.lib(pch.obj)' 또는 ''에서 찾을 수 없습니다. 디버그 정보가 없는 것처럼 개체를 링크합니다.
DirectXTK.lib(WICTextureLoader.obj) : warning LNK4099: 'DirectXTK.pdb' PDB를 'DirectXTK.lib(WICTextureLoader.obj)' 또는 'D:\KGCA41\output\Debug\DirectXTK.pdb'에서 찾을 수 없습니다. 디버그 정보가 없는 것처럼 개체를 링크합니다.
  KYM_2D_Game.vcxproj -> D:\KGCA41\output\Debug\KYM_2D_Game.exe
