d:\kgca41\output\debug\kymgamecore\kymgamecore.pdb
d:\kgca41\output\debug\kymgamecore\kymgamecore.idb
d:\kgca41\output\debug\kymgamecore\k_window.obj
d:\kgca41\output\debug\kymgamecore\k_device.obj
d:\kgca41\output\debug\kymgamecore\k_write.obj
d:\kgca41\output\debug\kymgamecore\k_vector2d.obj
d:\kgca41\output\debug\kymgamecore\k_vector.obj
d:\kgca41\output\debug\kymgamecore\k_timer.obj
d:\kgca41\output\debug\kymgamecore\k_shadermanager.obj
d:\kgca41\output\debug\kymgamecore\k_shader.obj
d:\kgca41\output\debug\kymgamecore\k_input.obj
d:\kgca41\output\debug\kymgamecore\k_dxstate.obj
d:\kgca41\output\debug\kymgamecore\k_texturemanager.obj
d:\kgca41\output\debug\kymgamecore\k_texture.obj
d:\kgca41\output\debug\kymgamecore\k_gamecore.obj
d:\kgca41\output\debug\kymgamecore\k_baseobject.obj
d:\kgca41\kgca41_kym\kymgamecore\kymgamecore_d.lib
d:\kgca41\output\debug\kymgamecore\kymgamecore.tlog\cl.command.1.tlog
d:\kgca41\output\debug\kymgamecore\kymgamecore.tlog\cl.read.1.tlog
d:\kgca41\output\debug\kymgamecore\kymgamecore.tlog\cl.write.1.tlog
d:\kgca41\output\debug\kymgamecore\kymgamecore.tlog\lib-link.read.1.tlog
d:\kgca41\output\debug\kymgamecore\kymgamecore.tlog\lib-link.write.1.tlog
d:\kgca41\output\debug\kymgamecore\kymgamecore.tlog\lib.command.1.tlog
