C:\Program Files (x86)\Microsoft Visual Studio\2019\Professional\MSBuild\Microsoft\VC\v160\Microsoft.CppBuild.targets(498,5): warning MSB8004: Intermediate 디렉터리가 슬래시로 끝나지 않습니다. Intermediate 디렉터리의 적절한 평가를 허용하는 데 필요하므로 이 빌드 인스턴스에서 슬래시를 추가합니다.
C:\Program Files (x86)\Microsoft Visual Studio\2019\Professional\MSBuild\Microsoft\VC\v160\Microsoft.CppBuild.targets(499,5): warning MSB8004: Output 디렉터리가 슬래시로 끝나지 않습니다. Output 디렉터리의 적절한 평가를 허용하는 데 필요하므로 이 빌드 인스턴스에서 슬래시를 추가합니다.
          1개 파일이 복사되었습니다.
  K_2dObject.cpp
  K_BaseObject.cpp
D:\KGCA41\KGCA41_kym\KymGameCore\K_BaseObject.cpp(86,53): warning C4267: '인수': 'size_t'에서 'UINT'(으)로 변환하면서 데이터가 손실될 수 있습니다.
D:\KGCA41\KGCA41_kym\KymGameCore\K_BaseObject.cpp(157,41): warning C4267: '초기화 중': 'size_t'에서 'UINT'(으)로 변환하면서 데이터가 손실될 수 있습니다.
  K_Device.cpp
D:\KGCA41\KGCA41_kym\KymGameCore\K_Device.cpp(150,26): warning C4244: '=': 'LONG'에서 'FLOAT'(으)로 변환하면서 데이터가 손실될 수 있습니다.
D:\KGCA41\KGCA41_kym\KymGameCore\K_Device.cpp(151,27): warning C4244: '=': 'LONG'에서 'FLOAT'(으)로 변환하면서 데이터가 손실될 수 있습니다.
  K_DxState.cpp
  K_GameCore.cpp
D:\KGCA41\KGCA41_kym\KymGameCore\K_GameCore.cpp(25,13): warning C4101: 'hr' :참조되지 않은 지역 변수입니다.
  K_Input.cpp
  K_Shader.cpp
  K_ShaderManager.cpp
  K_Sound.cpp
D:\KGCA41\KGCA41_kym\KymGameCore\K_Sound.cpp(98,17): warning C4101: 'fr' :참조되지 않은 지역 변수입니다.
  K_SoundManager.cpp
  K_Texture.cpp
  K_TextureManager.cpp
  K_Timer.cpp
  k_Vector.cpp
  k_Vector2D.cpp
  K_Window.cpp
D:\KGCA41\KGCA41_kym\KymGameCore\K_Window.cpp(125,34): warning C4838: 'UINT'에서 'LONG'(으)로의 변환에는 축소 변환이 필요합니다.
D:\KGCA41\KGCA41_kym\KymGameCore\K_Window.cpp(125,49): warning C4838: 'UINT'에서 'LONG'(으)로의 변환에는 축소 변환이 필요합니다.
  K_Write.cpp
D:\KGCA41\KGCA41_kym\KymGameCore\K_Write.cpp(87,36): warning C4838: 'LONG'에서 'FLOAT'(으)로의 변환에는 축소 변환이 필요합니다.
D:\KGCA41\KGCA41_kym\KymGameCore\K_Write.cpp(87,36): warning C4244: '초기화 중': 'LONG'에서 'FLOAT'(으)로 변환하면서 데이터가 손실될 수 있습니다.
D:\KGCA41\KGCA41_kym\KymGameCore\K_Write.cpp(87,54): warning C4838: 'LONG'에서 'FLOAT'(으)로의 변환에는 축소 변환이 필요합니다.
D:\KGCA41\KGCA41_kym\KymGameCore\K_Write.cpp(87,54): warning C4244: '초기화 중': 'LONG'에서 'FLOAT'(으)로 변환하면서 데이터가 손실될 수 있습니다.
D:\KGCA41\KGCA41_kym\KymGameCore\K_Write.cpp(89,78): warning C4267: '인수': 'size_t'에서 'UINT32'(으)로 변환하면서 데이터가 손실될 수 있습니다.
  코드를 생성하고 있습니다...
D:\KGCA41\KGCA41_kym\KymGameCore\K_GameCore.cpp(105): warning C4715: 'K_GameCore::Run': 모든 제어 경로에서 값을 반환하지는 않습니다.
C:\Program Files (x86)\Microsoft Visual Studio\2019\Professional\MSBuild\Microsoft\VC\v160\Microsoft.CppBuild.targets(1545,5): warning MSB8012: TargetPath(D:\KGCA41\output\Debug\KymGameCore\KymGameCore.lib)이(가) Library의 OutputFile 속성 값(D:\KGCA41\KGCA41_kym\KymGameCore\KymGameCore_d.lib)과 일치하지 않습니다. 이로 인해 프로젝트가 잘못 빌드될 수 있습니다. 이를 수정하려면 $(OutDir), $(TargetName) 및 $(TargetExt) 속성 값이 %(Lib.OutputFile)에 지정된 값과 일치해야 합니다.
C:\Program Files (x86)\Microsoft Visual Studio\2019\Professional\MSBuild\Microsoft\VC\v160\Microsoft.CppBuild.targets(1547,5): warning MSB8012: TargetName(KymGameCore)이(가) Library의 OutputFile 속성 값(KymGameCore_d)과 일치하지 않습니다. 이로 인해 프로젝트가 잘못 빌드될 수 있습니다. 이를 수정하려면 $(OutDir), $(TargetName) 및 $(TargetExt) 속성 값이 %(Lib.OutputFile)에 지정된 값과 일치해야 합니다.
  KymGameCore.vcxproj -> D:\KGCA41\output\Debug\KymGameCore\KymGameCore.lib
  K_2dObject.h
  K_BaseObject.h
  K_Device.h
  K_DxState.h
  K_GameCore.h
  K_Input.h
  K_Shader.h
  K_ShaderManager.h
  K_Sound.h
  K_SoundManager.h
  K_Std.h
  K_Texture.h
  K_TextureManager.h
  K_Timer.h
  k_Vector.h
  k_Vector2D.h
  K_Window.h
  K_Write.h
         18개 파일이 복사되었습니다.
          1개 파일이 복사되었습니다.
