d:\kgca41\output\debug\directx_7_sprite\vc142.pdb
d:\kgca41\output\debug\directx_7_sprite\vc142.idb
d:\kgca41\output\debug\directx_7_sprite\sample.obj
d:\kgca41\output\debug\directx_7_sprite\k_write.obj
d:\kgca41\output\debug\directx_7_sprite\k_window.obj
d:\kgca41\output\debug\directx_7_sprite\k_vector2d.obj
d:\kgca41\output\debug\directx_7_sprite\k_vector.obj
d:\kgca41\output\debug\directx_7_sprite\k_timer.obj
d:\kgca41\output\debug\directx_7_sprite\k_texturemanager.obj
d:\kgca41\output\debug\directx_7_sprite\k_texture.obj
d:\kgca41\output\debug\directx_7_sprite\k_shadermanager.obj
d:\kgca41\output\debug\directx_7_sprite\k_shader.obj
d:\kgca41\output\debug\directx_7_sprite\k_input.obj
d:\kgca41\output\debug\directx_7_sprite\k_gamecore.obj
d:\kgca41\output\debug\directx_7_sprite\k_dxstate.obj
d:\kgca41\output\debug\directx_7_sprite\k_device.obj
d:\kgca41\output\debug\directx_7_sprite\k_baseobject.obj
d:\kgca41\output\debug\directx_8_sprite_0.exe
d:\kgca41\output\debug\directx_7_sprite\directx_8_sprite_0.ilk
d:\kgca41\output\debug\directx_8_sprite_0.pdb
d:\kgca41\output\debug\directx_7_sprite\directx_7_sprite.ilk
d:\kgca41\output\debug\directx_7_sprite\directx_.84fb2ff4.tlog\cl.command.1.tlog
d:\kgca41\output\debug\directx_7_sprite\directx_.84fb2ff4.tlog\cl.read.1.tlog
d:\kgca41\output\debug\directx_7_sprite\directx_.84fb2ff4.tlog\cl.write.1.tlog
d:\kgca41\output\debug\directx_7_sprite\directx_.84fb2ff4.tlog\link.command.1.tlog
d:\kgca41\output\debug\directx_7_sprite\directx_.84fb2ff4.tlog\link.read.1.tlog
d:\kgca41\output\debug\directx_7_sprite\directx_.84fb2ff4.tlog\link.write.1.tlog
