C:\Program Files (x86)\Microsoft Visual Studio\2019\Professional\MSBuild\Microsoft\VC\v160\Microsoft.CppBuild.targets(498,5): warning MSB8004: Intermediate 디렉터리가 슬래시로 끝나지 않습니다. Intermediate 디렉터리의 적절한 평가를 허용하는 데 필요하므로 이 빌드 인스턴스에서 슬래시를 추가합니다.
C:\Program Files (x86)\Microsoft Visual Studio\2019\Professional\MSBuild\Microsoft\VC\v160\Microsoft.CppBuild.targets(499,5): warning MSB8004: Output 디렉터리가 슬래시로 끝나지 않습니다. Output 디렉터리의 적절한 평가를 허용하는 데 필요하므로 이 빌드 인스턴스에서 슬래시를 추가합니다.
  K_Device.cpp
D:\KGCA41\KGCA41_kym\DirectX_6_GameCore\K_Device.cpp(150,26): warning C4244: '=': 'LONG'에서 'FLOAT'(으)로 변환하면서 데이터가 손실될 수 있습니다.
D:\KGCA41\KGCA41_kym\DirectX_6_GameCore\K_Device.cpp(151,27): warning C4244: '=': 'LONG'에서 'FLOAT'(으)로 변환하면서 데이터가 손실될 수 있습니다.
  K_GameCore.cpp
  K_Input.cpp
  K_Timer.cpp
  K_Window.cpp
D:\KGCA41\KGCA41_kym\DirectX_6_GameCore\K_Window.cpp(125,34): warning C4838: 'UINT'에서 'LONG'(으)로의 변환에는 축소 변환이 필요합니다.
D:\KGCA41\KGCA41_kym\DirectX_6_GameCore\K_Window.cpp(125,49): warning C4838: 'UINT'에서 'LONG'(으)로의 변환에는 축소 변환이 필요합니다.
  K_Write.cpp
D:\KGCA41\KGCA41_kym\DirectX_6_GameCore\K_Write.cpp(84,36): warning C4838: 'LONG'에서 'FLOAT'(으)로의 변환에는 축소 변환이 필요합니다.
D:\KGCA41\KGCA41_kym\DirectX_6_GameCore\K_Write.cpp(84,36): warning C4244: '초기화 중': 'LONG'에서 'FLOAT'(으)로 변환하면서 데이터가 손실될 수 있습니다.
D:\KGCA41\KGCA41_kym\DirectX_6_GameCore\K_Write.cpp(84,54): warning C4838: 'LONG'에서 'FLOAT'(으)로의 변환에는 축소 변환이 필요합니다.
D:\KGCA41\KGCA41_kym\DirectX_6_GameCore\K_Write.cpp(84,54): warning C4244: '초기화 중': 'LONG'에서 'FLOAT'(으)로 변환하면서 데이터가 손실될 수 있습니다.
D:\KGCA41\KGCA41_kym\DirectX_6_GameCore\K_Write.cpp(86,78): warning C4267: '인수': 'size_t'에서 'UINT32'(으)로 변환하면서 데이터가 손실될 수 있습니다.
  Sample.cpp
  코드를 생성하고 있습니다...
D:\KGCA41\KGCA41_kym\DirectX_6_GameCore\K_GameCore.cpp(100): warning C4715: 'K_GameCore::Run': 모든 제어 경로에서 값을 반환하지는 않습니다.
  DirectX_6_GameCore.vcxproj -> D:\KGCA41\output\Debug\DirectX_6_GameCore.exe
